awslogs==0.10.0
backports-abc==0.5
backports.functools-lru-cache==1.5
backports.shutil-get-terminal-size==1.0.0
boto3==1.4.4
botocore==1.5.63
certifi==2017.4.17
chardet==3.0.4
cycler==0.10.0
dateutils==0.6.6
decorator==4.0.11
docutils==0.13.1
elasticsearch==5.4.0
enum34==1.1.6
futures==3.1.1
fuzzywuzzy==0.16.0
idna==2.6
ipykernel==4.6.1
ipython==5.4.1
ipython-genutils==0.2.0
jmespath==0.9.3
jupyter-client==5.0.1
jupyter-core==4.3.0
matplotlib==2.1.2
numexpr==2.6.4
numpy==1.14.0
pandas==0.22.0
pathlib2==2.2.1
pexpect==4.2.1
pickleshare==0.7.4
prompt-toolkit==1.0.14
psycopg2==2.7.3.1
ptyprocess==0.5.1
Pygments==2.2.0
pymongo==3.5.1
pyparsing==2.2.0
python-dateutil==2.6.1
python-Levenshtein==0.12.0
pytz==2018.3
pyzmq==16.0.2
redis==2.10.5
redshift-sqlalchemy==0.4.1
requests==2.18.4
s3transfer==0.1.10
scandir==1.5
simplegeneric==0.8.1
singledispatch==3.4.0.3
six==1.11.0
SQLAlchemy==1.1.14
subprocess32==3.2.7
termcolor==1.1.0
tornado==4.5.1
traitlets==4.3.2
urllib3==1.21.1
wcwidth==0.1.7
xlrd==1.1.0
zc.lockfile==1.2.1
